-- logger module started --
main debug: VLC media player - 3.0.21 Vetinari
main debug: Copyright © 1996-2024 the VideoLAN team
main debug: revision 3.0.21-1-0-g9c4768291e
main debug: configured with /builds/videolan/vlc/extras/package/win32/../../../configure  '--enable-update-check' '--enable-lua' '--enable-faad' '--enable-flac' '--enable-theora' '--enable-avcodec' '--enable-merge-ffmpeg' '--enable-dca' '--enable-mpc' '--enable-libass' '--enable-schroedinger' '--enable-realrtsp' '--enable-live555' '--enable-shout' '--enable-goom' '--enable-sse' '--enable-mmx' '--enable-libcddb' '--enable-zvbi' '--disable-telx' '--enable-nls' '--host=i686-w64-mingw32' '--with-contrib=../contrib/i686-w64-mingw32' '--with-breakpad=https://win.crashes.videolan.org' '--enable-qt' '--enable-skins2' '--enable-dvdread' '--enable-caca' 'host_alias=i686-w64-mingw32' 'CFLAGS= -D_WIN32_WINNT=0x0502 -DWINVER=0x502 -D__MSVCRT_VERSION__=0x700 ' 'CXXFLAGS= -D_WIN32_WINNT=0x0502 -DWINVER=0x502 -D__MSVCRT_VERSION__=0x700 ' 'PKG_CONFIG=pkg-config' 'PKG_CONFIG_LIBDIR=/usr/i686-w64-mingw32/lib/pkgconfig:/usr/lib/i686-w64-mingw32/pkgconfig'
main debug: using multimedia timers as clock source
main debug:  min period: 1 ms, max period: 1000000 ms
main debug: searching plug-in modules
main debug: loading plugins cache file C:\Program Files (x86)\VideoLAN\VLC\plugins\plugins.dat
main warning: This doesn't look like a valid plugins cache
main debug: recursively browsing `C:\Program Files (x86)\VideoLAN\VLC\plugins'
main debug: plug-ins loaded: 497 modules
main debug: opening config file (C:\Users\PC\AppData\Roaming\vlc\vlcrc)
main error: cannot open config file (C:\Users\PC\AppData\Roaming\vlc\vlcrc): Permission denied
main debug: looking for logger module matching "any": 2 candidates
file debug: opening logfile `G:\Legions of Valor Base Game\_vlc.log'
main debug: using logger module "file"
main debug: translation test: code is "C"
main debug: looking for keystore module matching "memory": 3 candidates
main debug: using keystore module "memory"
main debug: CPU has capabilities MMX MMXEXT SSE SSE2 SSE3 SSSE3 SSE4.1 SSE4.2 FPU 
main debug: creating audio output
main debug: looking for audio output module matching "any": 6 candidates
mmdevice debug: using default device
mmdevice debug: version 2 session control unavailable
mmdevice debug: display name changed: VLC media player (LibVLC 3.0.21)
mmdevice debug: volume from -65.250000 dB to +0.000000 dB with 0.031250 dB increments
main debug: using audio output module "mmdevice"
main debug: keeping audio output
main debug: looking for interface module matching "hotkeys,none": 16 candidates
main debug: using interface module "hotkeys"
main debug: looking for interface module matching "globalhotkeys,none": 16 candidates
main debug: Creating an input for preparsing 'WhatsApp Video 2026-06-28 at 8.10.16 PM.mp4'
main debug: using interface module "win32"
main debug: looking for interface module matching "dummy": 16 candidates
dummy: using the dummy interface module...
main debug: using interface module "dummy"
main debug: processing request item: null, node: Playlist, skip: 0
main debug: rebuilding array of current - root Playlist
main debug: rebuild done - 1 items, index -1
main debug: starting playback of new item
main debug: resyncing on WhatsApp Video 2026-06-28 at 8.10.16 PM.mp4
main debug: WhatsApp Video 2026-06-28 at 8.10.16 PM.mp4 is at 0
main debug: creating new input thread
main debug: Creating an input for 'WhatsApp Video 2026-06-28 at 8.10.16 PM.mp4'
main debug: requesting art for new input thread
main debug: using timeshift granularity of 50 MiB
main debug: using timeshift path: C:\Users\PC\AppData\Local\Temp
main debug: `file:///C:/Users/PC/Downloads/WhatsApp%20Video%202026-06-28%20at%208.10.16%20PM.mp4' gives access `file' demux `any' path `/C:/Users/PC/Downloads/WhatsApp%20Video%202026-06-28%20at%208.10.16%20PM.mp4'
main debug: creating demux: access='file' demux='any' location='/C:/Users/PC/Downloads/WhatsApp%20Video%202026-06-28%20at%208.10.16%20PM.mp4' file='C:\Users\PC\Downloads\WhatsApp Video 2026-06-28 at 8.10.16 PM.mp4'
main debug: looking for access_demux module matching "file": 15 candidates
main debug: looking for meta fetcher module matching "any": 1 candidates
main debug: no access_demux modules matched
main debug: creating access: file:///C:/Users/PC/Downloads/WhatsApp%20Video%202026-06-28%20at%208.10.16%20PM.mp4
main debug:  (path: C:\Users\PC\Downloads\WhatsApp Video 2026-06-28 at 8.10.16 PM.mp4)
main debug: looking for access module matching "file": 27 candidates
main debug: using access module "filesystem"
main debug: looking for stream_filter module matching "prefetch,cache_read": 24 candidates
cache_read debug: Using stream method for AStream*
cache_read debug: starting pre-buffering
cache_read debug: received first data after 0 ms
cache_read debug: pre-buffering done 1024 bytes in 0s - 1000000 KiB/s
lua debug: Trying Lua scripts in C:\Users\PC\AppData\Roaming\vlc\lua\meta\fetcher
main debug: using stream_filter module "cache_read"
main debug: looking for stream_filter module matching "any": 24 candidates
lua debug: Trying Lua scripts in C:\Program Files (x86)\VideoLAN\VLC\lua\meta\fetcher
main debug: no meta fetcher modules matched
main debug: looking for art finder module matching "any": 2 candidates
lua debug: Trying Lua scripts in C:\Users\PC\AppData\Roaming\vlc\lua\playlist
lua debug: Trying Lua scripts in C:\Program Files (x86)\VideoLAN\VLC\lua\playlist
lua debug: Trying Lua playlist script C:\Program Files (x86)\VideoLAN\VLC\lua\playlist\anevia_streams.luac
lua warning: error loading script C:\Program Files (x86)\VideoLAN\VLC\lua\playlist\anevia_streams.luac: C:\Program Files (x86)\VideoLAN\VLC\lua\playlist\anevia_streams.luac:1: unexpected symbol
lua debug: Trying Lua playlist script C:\Program Files (x86)\VideoLAN\VLC\lua\playlist\anevia_xml.luac
lua debug: Trying Lua scripts in C:\Users\PC\AppData\Roaming\vlc\lua\meta\art
lua debug: Trying Lua scripts in C:\Program Files (x86)\VideoLAN\VLC\lua\meta\art
lua debug: Trying Lua playlist script C:\Program Files (x86)\VideoLAN\VLC\lua\meta\art\00_musicbrainz.luac
lua warning: error loading script C:\Program Files (x86)\VideoLAN\VLC\lua\playlist\anevia_xml.luac: C:\Program Files (x86)\VideoLAN\VLC\lua\playlist\anevia_xml.luac:1: unexpected symbol
lua debug: Trying Lua playlist script C:\Program Files (x86)\VideoLAN\VLC\lua\playlist\appletrailers.luac
lua warning: Error loading script C:\Program Files (x86)\VideoLAN\VLC\lua\meta\art\00_musicbrainz.luac: C:\Program Files (x86)\VideoLAN\VLC\lua\meta\art\00_musicbrainz.luac:1: unexpected symbol
lua warning: error loading script C:\Program Files (x86)\VideoLAN\VLC\lua\playlist\appletrailers.luac: C:\Program Files (x86)\VideoLAN\VLC\lua\playlist\appletrailers.luac:1: unexpected symbol
lua debug: Trying Lua playlist script C:\Program Files (x86)\VideoLAN\VLC\lua\meta\art\01_googleimage.luac
lua debug: Trying Lua playlist script C:\Program Files (x86)\VideoLAN\VLC\lua\playlist\bbc_co_uk.luac
lua warning: error loading script C:\Program Files (x86)\VideoLAN\VLC\lua\playlist\bbc_co_uk.luac: C:\Program Files (x86)\VideoLAN\VLC\lua\playlist\bbc_co_uk.luac:1: unexpected symbol
lua warning: Error loading script C:\Program Files (x86)\VideoLAN\VLC\lua\meta\art\01_googleimage.luac: C:\Program Files (x86)\VideoLAN\VLC\lua\meta\art\01_googleimage.luac:1: unexpected symbol
lua debug: Trying Lua playlist script C:\Program Files (x86)\VideoLAN\VLC\lua\playlist\cue.luac
lua debug: Trying Lua playlist script C:\Program Files (x86)\VideoLAN\VLC\lua\meta\art\02_frenchtv.luac
lua warning: error loading script C:\Program Files (x86)\VideoLAN\VLC\lua\playlist\cue.luac: C:\Program Files (x86)\VideoLAN\VLC\lua\playlist\cue.luac:1: unexpected symbol
lua debug: Trying Lua playlist script C:\Program Files (x86)\VideoLAN\VLC\lua\playlist\dailymotion.luac
lua warning: Error loading script C:\Program Files (x86)\VideoLAN\VLC\lua\meta\art\02_frenchtv.luac: C:\Program Files (x86)\VideoLAN\VLC\lua\meta\art\02_frenchtv.luac:1: unexpected symbol
lua debug: Trying Lua playlist script C:\Program Files (x86)\VideoLAN\VLC\lua\meta\art\03_lastfm.luac
lua warning: error loading script C:\Program Files (x86)\VideoLAN\VLC\lua\playlist\dailymotion.luac: C:\Program Files (x86)\VideoLAN\VLC\lua\playlist\dailymotion.luac:1: unexpected symbol
lua debug: Trying Lua playlist script C:\Program Files (x86)\VideoLAN\VLC\lua\playlist\jamendo.luac
lua warning: Error loading script C:\Program Files (x86)\VideoLAN\VLC\lua\meta\art\03_lastfm.luac: C:\Program Files (x86)\VideoLAN\VLC\lua\meta\art\03_lastfm.luac:1: unexpected symbol
main debug: no art finder modules matched
lua warning: error loading script C:\Program Files (x86)\VideoLAN\VLC\lua\playlist\jamendo.luac: C:\Program Files (x86)\VideoLAN\VLC\lua\playlist\jamendo.luac:1: unexpected symbol
lua debug: Trying Lua playlist script C:\Program Files (x86)\VideoLAN\VLC\lua\playlist\koreus.luac
lua warning: error loading script C:\Program Files (x86)\VideoLAN\VLC\lua\playlist\koreus.luac: C:\Program Files (x86)\VideoLAN\VLC\lua\playlist\koreus.luac:1: unexpected symbol
lua debug: Trying Lua playlist script C:\Program Files (x86)\VideoLAN\VLC\lua\playlist\liveleak.luac
lua warning: error loading script C:\Program Files (x86)\VideoLAN\VLC\lua\playlist\liveleak.luac: C:\Program Files (x86)\VideoLAN\VLC\lua\playlist\liveleak.luac:1: unexpected symbol
lua debug: Trying Lua playlist script C:\Program Files (x86)\VideoLAN\VLC\lua\playlist\newgrounds.luac
main debug: looking for meta fetcher module matching "any": 1 candidates
lua debug: Trying Lua scripts in C:\Users\PC\AppData\Roaming\vlc\lua\meta\fetcher
lua warning: error loading script C:\Program Files (x86)\VideoLAN\VLC\lua\playlist\newgrounds.luac: C:\Program Files (x86)\VideoLAN\VLC\lua\playlist\newgrounds.luac:1: unexpected symbol
lua debug: Trying Lua playlist script C:\Program Files (x86)\VideoLAN\VLC\lua\playlist\rockbox_fm_presets.luac
lua debug: Trying Lua scripts in C:\Program Files (x86)\VideoLAN\VLC\lua\meta\fetcher
main debug: no meta fetcher modules matched
main debug: looking for art finder module matching "any": 2 candidates
lua warning: error loading script C:\Program Files (x86)\VideoLAN\VLC\lua\playlist\rockbox_fm_presets.luac: C:\Program Files (x86)\VideoLAN\VLC\lua\playlist\rockbox_fm_presets.luac:1: unexpected symbol
lua debug: Trying Lua playlist script C:\Program Files (x86)\VideoLAN\VLC\lua\playlist\soundcloud.luac
lua warning: error loading script C:\Program Files (x86)\VideoLAN\VLC\lua\playlist\soundcloud.luac: C:\Program Files (x86)\VideoLAN\VLC\lua\playlist\soundcloud.luac:1: unexpected symbol
lua debug: Trying Lua playlist script C:\Program Files (x86)\VideoLAN\VLC\lua\playlist\twitch.luac
lua debug: Trying Lua scripts in C:\Users\PC\AppData\Roaming\vlc\lua\meta\art
lua debug: Trying Lua scripts in C:\Program Files (x86)\VideoLAN\VLC\lua\meta\art
lua debug: Trying Lua playlist script C:\Program Files (x86)\VideoLAN\VLC\lua\meta\art\00_musicbrainz.luac
lua warning: error loading script C:\Program Files (x86)\VideoLAN\VLC\lua\playlist\twitch.luac: C:\Program Files (x86)\VideoLAN\VLC\lua\playlist\twitch.luac:1: unexpected symbol
lua debug: Trying Lua playlist script C:\Program Files (x86)\VideoLAN\VLC\lua\playlist\vimeo.luac
lua warning: Error loading script C:\Program Files (x86)\VideoLAN\VLC\lua\meta\art\00_musicbrainz.luac: C:\Program Files (x86)\VideoLAN\VLC\lua\meta\art\00_musicbrainz.luac:1: unexpected symbol
lua warning: error loading script C:\Program Files (x86)\VideoLAN\VLC\lua\playlist\vimeo.luac: C:\Program Files (x86)\VideoLAN\VLC\lua\playlist\vimeo.luac:1: unexpected symbol
lua debug: Trying Lua playlist script C:\Program Files (x86)\VideoLAN\VLC\lua\meta\art\01_googleimage.luac
lua debug: Trying Lua playlist script C:\Program Files (x86)\VideoLAN\VLC\lua\playlist\vocaroo.luac
lua warning: error loading script C:\Program Files (x86)\VideoLAN\VLC\lua\playlist\vocaroo.luac: C:\Program Files (x86)\VideoLAN\VLC\lua\playlist\vocaroo.luac:1: unexpected symbol
lua warning: Error loading script C:\Program Files (x86)\VideoLAN\VLC\lua\meta\art\01_googleimage.luac: C:\Program Files (x86)\VideoLAN\VLC\lua\meta\art\01_googleimage.luac:1: unexpected symbol
lua debug: Trying Lua playlist script C:\Program Files (x86)\VideoLAN\VLC\lua\playlist\youtube.luac
lua debug: Trying Lua playlist script C:\Program Files (x86)\VideoLAN\VLC\lua\meta\art\02_frenchtv.luac
lua warning: error loading script C:\Program Files (x86)\VideoLAN\VLC\lua\playlist\youtube.luac: C:\Program Files (x86)\VideoLAN\VLC\lua\playlist\youtube.luac:1: unexpected symbol
lua warning: Error loading script C:\Program Files (x86)\VideoLAN\VLC\lua\meta\art\02_frenchtv.luac: C:\Program Files (x86)\VideoLAN\VLC\lua\meta\art\02_frenchtv.luac:1: unexpected symbol
main debug: no stream_filter modules matched
main debug: looking for stream_directory module matching "any": 1 candidates
lua debug: Trying Lua playlist script C:\Program Files (x86)\VideoLAN\VLC\lua\meta\art\03_lastfm.luac
main debug: no stream_directory modules matched
main debug: attachment of directory-extractor failed for file:///C:/Users/PC/Downloads/WhatsApp%20Video%202026-06-28%20at%208.10.16%20PM.mp4
main debug: looking for stream_filter module matching "record": 24 candidates
main debug: using stream_filter module "record"
main debug: creating demux: access='file' demux='any' location='/C:/Users/PC/Downloads/WhatsApp%20Video%202026-06-28%20at%208.10.16%20PM.mp4' file='C:\Users\PC\Downloads\WhatsApp Video 2026-06-28 at 8.10.16 PM.mp4'
main debug: looking for demux module matching "mp4": 55 candidates
lua warning: Error loading script C:\Program Files (x86)\VideoLAN\VLC\lua\meta\art\03_lastfm.luac: C:\Program Files (x86)\VideoLAN\VLC\lua\meta\art\03_lastfm.luac:1: unexpected symbol
main debug: no art finder modules matched
mp4 warning: unknown box type beam (incompletely loaded)
mp4 debug: dumping root Box "root"
mp4 debug: |   + ftyp size 24 offset 0
mp4 debug: |   + beam size 24 offset 24 (????)
mp4 debug: |   + moov size 26505 offset 48
mp4 debug: |   |   + mvhd size 108 offset 56
mp4 debug: |   |   + trak size 24043 offset 164
mp4 debug: |   |   |   + tkhd size 92 offset 172
mp4 debug: |   |   |   + mdia size 23943 offset 264
mp4 debug: |   |   |   |   + mdhd size 32 offset 272
mp4 debug: |   |   |   |   + hdlr size 34 offset 304
mp4 debug: |   |   |   |   + minf size 23869 offset 338
mp4 debug: |   |   |   |   |   + vmhd size 20 offset 346
mp4 debug: |   |   |   |   |   + dinf size 36 offset 366
mp4 debug: |   |   |   |   |   |   + dref size 28 offset 374
mp4 debug: |   |   |   |   |   |   |   + url  size 12 offset 390
mp4 debug: |   |   |   |   |   + stbl size 23805 offset 402
mp4 debug: |   |   |   |   |   |   + stsd size 145 offset 410
mp4 debug: |   |   |   |   |   |   |   + avc1 size 129 offset 426
mp4 debug: |   |   |   |   |   |   |   |   + avcC size 43 offset 512
mp4 debug: |   |   |   |   |   |   + stts size 14624 offset 555
mp4 debug: |   |   |   |   |   |   + stsc size 1012 offset 15179
mp4 debug: |   |   |   |   |   |   + stsz size 7380 offset 16191
mp4 debug: |   |   |   |   |   |   + stco size 592 offset 23571
mp4 debug: |   |   |   |   |   |   + stss size 44 offset 24163
mp4 debug: |   |   + trak size 2346 offset 24207
mp4 debug: |   |   |   + tkhd size 92 offset 24215
mp4 debug: |   |   |   + mdia size 2246 offset 24307
mp4 debug: |   |   |   |   + mdhd size 32 offset 24315
mp4 debug: |   |   |   |   + hdlr size 34 offset 24347
mp4 debug: |   |   |   |   + minf size 2172 offset 24381
mp4 debug: |   |   |   |   |   + smhd size 16 offset 24389
mp4 debug: |   |   |   |   |   + dinf size 36 offset 24405
mp4 debug: |   |   |   |   |   |   + dref size 28 offset 24413
mp4 debug: |   |   |   |   |   |   |   + url  size 12 offset 24429
mp4 debug: |   |   |   |   |   + stbl size 2112 offset 24441
mp4 debug: |   |   |   |   |   |   + stsd size 104 offset 24449
mp4 debug: |   |   |   |   |   |   |   + mp4a size 88 offset 24465
mp4 debug: |   |   |   |   |   |   |   |   + esds size 52 offset 24501
mp4 debug: |   |   |   |   |   |   + stts size 64 offset 24553
mp4 debug: |   |   |   |   |   |   + stsc size 1324 offset 24617
mp4 debug: |   |   |   |   |   |   + stsz size 20 offset 25941
mp4 debug: |   |   |   |   |   |   + stco size 592 offset 25961
mp4 debug: |   + mdat size 6914471 offset 26553
mp4 debug: unrecognized major media specification (mp42).
mp4 debug: found 2 tracks
mp4 debug: track[Id 0x1] read 144 chunk
mp4 warning: STTS table of 1826 entries
mp4 debug: track[Id 0x1] read 1840 samples length:31s
main debug: selecting program id=0
mp4 debug: adding track[Id 0x1] video (enable) language undef
mp4 debug: track[Id 0x2] read 144 chunk
mp4 warning: STTS table of 6 entries
mp4 debug: track[Id 0x2] read 1486 samples length:31s
mp4 debug: adding track[Id 0x2] audio (enable) language undef
main debug: using demux module "mp4"
main debug: looking for a subtitle file in C:\Users\PC\Downloads\
main debug: looking for video decoder module matching "any": 20 candidates
avcodec debug: using ffmpeg Lavc58.134.100
avcodec debug: CPU flags: 0x001fd3db
avcodec debug: allowing 6 thread(s) for decoding
avcodec debug: codec (h264) started
avcodec debug: using frame thread mode with 6 threads
main debug: using video decoder module "avcodec"
main debug: audio is disabled, not selecting ES 0x1
main debug: looking for meta reader module matching "any": 2 candidates
lua debug: Trying Lua scripts in C:\Users\PC\AppData\Roaming\vlc\lua\meta\reader
lua debug: Trying Lua scripts in C:\Program Files (x86)\VideoLAN\VLC\lua\meta\reader
lua debug: Trying Lua playlist script C:\Program Files (x86)\VideoLAN\VLC\lua\meta\reader\filename.luac
lua warning: Error loading script C:\Program Files (x86)\VideoLAN\VLC\lua\meta\reader\filename.luac: C:\Program Files (x86)\VideoLAN\VLC\lua\meta\reader\filename.luac:1: unexpected symbol
main debug: no meta reader modules matched
main debug: `file:///C:/Users/PC/Downloads/WhatsApp%20Video%202026-06-28%20at%208.10.16%20PM.mp4' successfully opened
mp4 debug: track[Id 0x1] using Sync Sample Box (stss)
mp4 debug: stss gives 0 --> 0 (sample number)
main debug: Buffering 0%
main debug: Buffering 25%
main debug: Buffering 50%
main debug: Buffering 75%
main debug: Buffering 100%
avcodec debug: available hardware decoder output format 53 (dxva2_vld)
avcodec debug: available hardware decoder output format 118 (d3d11va_vld)
avcodec debug: available hardware decoder output format 174 (d3d11)
avcodec debug: available software decoder output format 0 (yuv420p)
avcodec debug: trying format d3d11va_vld
main debug: Stream buffering done (1250 ms in 0 ms)
main debug: looking for text renderer module matching "any": 3 candidates
freetype debug: Using DWrite backend
freetype debug: DWrite_GetFamily(): family name: Arial
freetype debug: DWrite_ParseFamily(): using font at index 0 with weight 400 for bold: 0, italic: 0
freetype debug: DWrite_ParseFamily(): using font at index 1 with weight 700 for bold: 1, italic: 0
freetype debug: DWrite_ParseFamily(): using font at index 2 with weight 400 for bold: 0, italic: 1
freetype debug: DWrite_ParseFamily(): using font at index 3 with weight 700 for bold: 1, italic: 1
main debug: using text renderer module "freetype"
main debug: looking for video converter module matching "any": 24 candidates
swscale debug: 32x32 (32x32) chroma: YUVA -> 16x16 (16x16) chroma: RGBA with scaling using Bicubic (good quality)
main debug: using video converter module "swscale"
main debug: looking for video converter module matching "any": 24 candidates
yuvp debug: YUVP to YUVA converter
main debug: using video converter module "yuvp"
main debug: Deinterlacing available
main debug: deinterlace -1, mode auto, is_needed 0
main debug: looking for vout window module matching "any": 3 candidates
main debug: no vout window modules matched
main debug: Opening vout display wrapper
main debug: looking for vout display module matching "any": 12 candidates
direct3d11 debug: creating Vout EventThread
direct3d11 debug: Win32VoutCreateWindow
direct3d11 debug: inclinometer not found. (hr=0x80070490)
direct3d11 debug: created video sub-window
direct3d11 debug: Vout EventThread running
direct3d11 debug: Created the D3D11 device type 1 level b100.
direct3d11 debug: NVIDIA WDDM driver 32.0.15.9649
direct3d11 debug: supports colorspace RGB Rec.709 gamma:22 range:FULL
direct3d11 debug: supports colorspace RGB Rec.709 gamma:22 range:STUDIO
direct3d11 debug: supports colorspace RGB Rec.2020 gamma:22 range:STUDIO
direct3d11 debug: supports colorspace RGB Rec.2020 gamma:22 range:FULL
direct3d11 debug: supports colorspace RGB Rec.2020 gamma:2084 range:FULL
direct3d11 debug: supports colorspace RGB Rec.2020 gamma:2084 range:STUDIO
direct3d11 debug: Output max luminance: 301.8, colorspace RGB Rec.709 gamma:22 range:FULL, bits per pixel 8
direct3d11 debug: using colorspace RGB Rec.709 gamma:22 range:FULL
direct3d11 debug: Using pixel format VA_NV12 for chroma DX11
direct3d11 error: SetThumbNailClip failed: 0x80004005
direct3d11 debug: using GPU render fence
direct3d11 error: SetThumbNailClip failed: 0x80004005
direct3d11 debug: Direct3D11 resources created
direct3d11 debug: Direct3D11 device adapter successfully initialized
direct3d11 debug: Direct3D11 Open Succeeded
main debug: using vout display module "direct3d11"
direct3d11 debug: D3D11 pool succeed with 40 surfaces (400x864) context 0x081a6588
main debug: original format sz 400x864, of (0,0), vsz 392x850, 4cc DX11, sar 1:1, msk r0x0 g0x0 b0x0
main debug: VoutDisplayEvent 'window state' 0
main debug: VoutDisplayEvent 'window state' 0
main debug: Adding 'scene' as interactive
main debug: looking for video filter module matching "scene,chain": 46 candidates
chain debug: Trying to use chroma I420 as middle man
main debug: looking for video converter module matching "any": 24 candidates
main debug: using video converter module "d3d11_filters"
main debug: Filter 'd3d11_filters' (066c12f0) appended to chain
main debug: looking for video filter module matching "scene,chain": 46 candidates
main debug: using video filter module "scene"
main debug: Filter 'scene' (066c5788) appended to chain
main debug: using video filter module "chain"
main debug: Filter 'scene' (066c0e58) appended to chain
main debug: Adding a filter to compensate for format changes
main debug: looking for video converter module matching "any": 24 candidates
d3d11_filters debug: different 0000 device pci\ven_66c5a68&dev_7bd21500 vs pci\ven_10de&dev_2f04
d3d11_filters debug: different 0001 device pci\ven_66c5a68&dev_7bd21500 vs PCI\VEN_1002&DEV_164E&SUBSYS_88771043&REV_C5
d3d11_filters warning: failed to get the Configuration MatchingDeviceId (2)
d3d11_filters warning: failed to read the Properties Display Adapter registry key (5)
d3d11_filters warning: can't find adapter in registry
main debug: looking for video converter module matching "any": 24 candidates
main debug: using video converter module "i420_nv12"
main debug: using video converter module "d3d11_filters"
main debug: Filter 'd3d11_filters' (066c5a20) appended to chain
main debug: removing module "chain"
main debug: removing module "d3d11_filters"
main debug: Filter 066c12f0 removed from chain
main debug: removing module "scene"
main debug: Filter 066c5788 removed from chain
main debug: Filter 066c0e58 removed from chain
main debug: removing module "d3d11_filters"
main debug: removing module "i420_nv12"
main debug: Filter 066c5a20 removed from chain
main debug: Adding 'scene' as interactive
main debug: looking for video filter module matching "scene,chain": 46 candidates
chain debug: Trying to use chroma I420 as middle man
main debug: looking for video converter module matching "any": 24 candidates
main debug: using video converter module "d3d11_filters"
main debug: Filter 'd3d11_filters' (066c12f0) appended to chain
main debug: looking for video filter module matching "scene,chain": 46 candidates
main debug: using video filter module "scene"
main debug: Filter 'scene' (066c5788) appended to chain
main debug: using video filter module "chain"
main debug: Filter 'scene' (066c0e58) appended to chain
main debug: Adding a filter to compensate for format changes
main debug: looking for video converter module matching "any": 24 candidates
d3d11_filters debug: different 0000 device pci\ven_66c5a68&dev_7bd21500 vs pci\ven_10de&dev_2f04
d3d11_filters debug: different 0001 device pci\ven_66c5a68&dev_7bd21500 vs PCI\VEN_1002&DEV_164E&SUBSYS_88771043&REV_C5
d3d11_filters warning: failed to get the Configuration MatchingDeviceId (2)
d3d11_filters warning: failed to read the Properties Display Adapter registry key (5)
d3d11_filters warning: can't find adapter in registry
main debug: looking for video converter module matching "any": 24 candidates
main debug: using video converter module "i420_nv12"
main debug: using video converter module "d3d11_filters"
main debug: Filter 'd3d11_filters' (066c5a20) appended to chain
main debug: removing module "freetype"
direct3d11 error: SetThumbNailClip failed: 0x80004005
main debug: looking for text renderer module matching "any": 3 candidates
direct3d11 error: SetThumbNailClip failed: 0x80004005
main debug: VoutDisplayEvent 'resize' 392x850
freetype debug: Using DWrite backend
freetype debug: DWrite_GetFamily(): family name: Arial
freetype debug: DWrite_ParseFamily(): using font at index 0 with weight 400 for bold: 0, italic: 0
freetype debug: DWrite_ParseFamily(): using font at index 1 with weight 700 for bold: 1, italic: 0
freetype debug: DWrite_ParseFamily(): using font at index 2 with weight 400 for bold: 0, italic: 1
freetype debug: DWrite_ParseFamily(): using font at index 3 with weight 700 for bold: 1, italic: 1
main debug: using text renderer module "freetype"
main debug: looking for hw decoder module matching "any": 2 candidates
d3d11va debug: NVIDIA WDDM driver 32.0.15.9649
d3d11va debug: Reusing Direct3D11 device
d3d11va debug: CreateDevice succeed
d3d11va debug: - 'MPEG-2 & MPEG-1 variable-length decoder' is supported
d3d11va debug: - 'MPEG-2 variable-length decoder' is supported
d3d11va debug: - 'MPEG-1 variable-length decoder, no D pictures' is supported
d3d11va debug: - 'VC-1 variable-length decoder' is supported
d3d11va debug: - 'VC-1 variable-length decoder' is supported
d3d11va debug: - 'Unknown decoder 0x32fcfe3f-0xde46-0x4a49-0x861bac71110649d5' is supported
d3d11va debug: - 'H.264 stereo high profile, mbs flag set' is supported
d3d11va debug: - 'H.264 stereo high profile' is supported
d3d11va debug: - 'H.264 variable-length decoder, no film grain technology' is supported
d3d11va debug: - 'Unknown decoder 0x0bac4fe5-0x1532-0x4429-0xa854f84de0264422' is supported
d3d11va debug: - 'HEVC Main profile' is supported
d3d11va debug: - 'HEVC Main 10 profile' is supported
d3d11va debug: - 'Unknown decoder 0x1a72925f-0x0c2c-0x4f15-0x96fbb17d1473603f' is supported
d3d11va debug: - 'Unknown decoder 0x15df9b21-0x06c4-0x47f1-0x841ea67c97d7f312' is supported
d3d11va debug: - 'Unknown decoder 0x0bac4fe5-0x1532-0x4429-0xa854f84de04953db' is supported
d3d11va debug: - 'Unknown decoder 0x55bcac81-0xf311-0x4093-0xa7d01cbc0b849bee' is supported
d3d11va debug: - 'Unknown decoder 0x4008018f-0xf537-0x4b36-0x98cf61af8a2c1a33' is supported
d3d11va debug: - 'Unknown decoder 0x0dabeffa-0x4458-0x4602-0xbc030795659d617c' is supported
d3d11va debug: - 'Unknown decoder 0x9798634d-0xfe9d-0x48e5-0xb4dadbec45b3df01' is supported
d3d11va debug: - 'MPEG-4 Part 2 variable-length decoder, Simple Profile' is supported
d3d11va debug: - 'MPEG-4 Part 2 variable-length decoder, Simple&Advanced Profile, no GMC' is supported
d3d11va debug: - 'MPEG-4 Part 2 nVidia bitstream decoder' is supported
d3d11va debug: - 'Unknown decoder 0x33fcfe41-0xde46-0x4a49-0x861bac71110649d5' is supported
d3d11va debug: - 'Unknown decoder 0x725cb506-0x0c29-0x43c4-0x94408e9397903a04' is supported
d3d11va debug: - 'Unknown decoder 0x5b77b9cd-0x1a35-0x4c30-0x9fd8ef4b60c035dd' is supported
d3d11va debug: - 'Unknown decoder 0xd95161f9-0x0d44-0x47e6-0xbcf51bfbfb268f97' is supported
d3d11va debug: - 'Unknown decoder 0x4cd00e17-0x89ba-0x48ef-0xb9f9edcb82713f65' is supported
d3d11va debug: - 'VP9 profile 0' is supported
d3d11va debug: - 'VP9 profile 2' is supported
d3d11va debug: - 'Unknown decoder 0xdda19dc7-0x93b5-0x49f5-0xa9b32bda28a2ce6e' is supported
d3d11va debug: - 'AV1 Main profile 8' is supported
d3d11va debug: - 'Unknown decoder 0x6affd11e-0x1d96-0x42b1-0xa21593a31f09a53d' is supported
d3d11va debug: - 'Unknown decoder 0x914c84a3-0x4078-0x4fa9-0x984ce2f262cb5c9c' is supported
d3d11va debug: - 'Unknown decoder 0x8a1a1031-0x29bc-0x46d0-0xa007e9b092ca6767' is supported
d3d11va debug: Trying to use 'H.264 variable-length decoder, no film grain technology' as input
d3d11va debug: NV12 output is supported for decoder H.264 variable-length decoder, no film grain technology.
d3d11va debug: Using output format NV12 for decoder H.264 variable-length decoder, no film grain technology
d3d11va debug: va_pool_SetupDecoder id 27 400x864 count: 24
d3d11va warning: not enough decoding slices in the texture (6/24)
d3d11va debug: ID3D11VideoDecoderOutputView succeed with 24 surfaces (400x864)
d3d11va debug: we got 3 decoder configurations
d3d11va debug: configuration[0] ConfigBitstreamRaw 1
d3d11va debug: configuration[1] ConfigBitstreamRaw 2
d3d11va debug: configuration[2] ConfigBitstreamRaw 2
d3d11va debug: DxCreateDecoderSurfaces succeed
main debug: using hw decoder module "d3d11va"
avcodec: Using D3D11VA (NVIDIA GeForce RTX 5070, vendor 10de(NVIDIA), device 2f04, revision a1) for hardware decoding
main debug: Received first picture
main debug: Decoder wait done in 534 ms
main debug: looking for encoder module matching "any": 24 candidates
main debug: using encoder module "png"
main debug: looking for video converter module matching "any": 24 candidates
swscale debug: 392x850 (400x864) chroma: I420 -> 400x864 (400x864) chroma: RV24 with scaling using Bicubic (good quality)
main debug: using video converter module "swscale"
main warning: picture is too late to be displayed (missing 9 ms)
main debug: picture might be displayed late (missing 3 ms)
main debug: picture might be displayed late (missing 1 ms)
main debug: auto hiding mouse cursor
main debug: picture might be displayed late (missing 5 ms)
main debug: picture might be displayed late (missing 0 ms)
main debug: picture might be displayed late (missing 4 ms)
main debug: picture might be displayed late (missing 6 ms)
main debug: picture might be displayed late (missing 0 ms)
main debug: picture might be displayed late (missing 0 ms)
main debug: picture might be displayed late (missing 2 ms)
main debug: picture might be displayed late (missing 0 ms)
main debug: picture might be displayed late (missing 4 ms)
main warning: picture is too late to be displayed (missing 9 ms)
main debug: picture might be displayed late (missing 2 ms)
main warning: picture is too late to be displayed (missing 12 ms)
main debug: picture might be displayed late (missing 6 ms)
main debug: picture might be displayed late (missing 3 ms)
main debug: picture might be displayed late (missing 2 ms)
main debug: picture might be displayed late (missing 0 ms)
main debug: picture might be displayed late (missing 6 ms)
main debug: picture might be displayed late (missing 1 ms)
main debug: picture might be displayed late (missing 1 ms)
main warning: picture is too late to be displayed (missing 10 ms)
main warning: picture is too late to be displayed (missing 16 ms)
main debug: picture might be displayed late (missing 8 ms)
main debug: picture might be displayed late (missing 4 ms)
main debug: picture might be displayed late (missing 2 ms)
main debug: picture might be displayed late (missing 0 ms)
main debug: picture might be displayed late (missing 3 ms)
main debug: picture might be displayed late (missing 5 ms)
main debug: picture might be displayed late (missing 2 ms)
main debug: picture might be displayed late (missing 4 ms)
main debug: picture might be displayed late (missing 3 ms)
main debug: picture might be displayed late (missing 6 ms)
main debug: picture might be displayed late (missing 7 ms)
main debug: picture might be displayed late (missing 7 ms)
main warning: picture is too late to be displayed (missing 8 ms)
main debug: picture might be displayed late (missing 6 ms)
main debug: picture might be displayed late (missing 4 ms)
main debug: picture might be displayed late (missing 0 ms)
main debug: picture might be displayed late (missing 5 ms)
main debug: picture might be displayed late (missing 1 ms)
main debug: picture might be displayed late (missing 8 ms)
main warning: picture is too late to be displayed (missing 11 ms)
main debug: picture might be displayed late (missing 8 ms)
main warning: picture is too late to be displayed (missing 10 ms)
main debug: picture might be displayed late (missing 4 ms)
main debug: picture might be displayed late (missing 7 ms)
main debug: picture might be displayed late (missing 7 ms)
main debug: picture might be displayed late (missing 4 ms)
main warning: picture is too late to be displayed (missing 9 ms)
main debug: picture might be displayed late (missing 8 ms)
main debug: picture might be displayed late (missing 0 ms)
main debug: picture might be displayed late (missing 0 ms)
main warning: picture is too late to be displayed (missing 11 ms)
main debug: picture might be displayed late (missing 7 ms)
main debug: picture might be displayed late (missing 1 ms)
main debug: picture might be displayed late (missing 8 ms)
main debug: picture might be displayed late (missing 1 ms)
main debug: picture might be displayed late (missing 0 ms)
main debug: picture might be displayed late (missing 2 ms)
main debug: picture might be displayed late (missing 1 ms)
main debug: picture might be displayed late (missing 0 ms)
main debug: picture might be displayed late (missing 1 ms)
main debug: picture might be displayed late (missing 1 ms)
main debug: picture might be displayed late (missing 0 ms)
main debug: picture might be displayed late (missing 2 ms)
main warning: picture is too late to be displayed (missing 11 ms)
main debug: picture might be displayed late (missing 3 ms)
main debug: picture might be displayed late (missing 5 ms)
main debug: picture might be displayed late (missing 7 ms)
main debug: picture might be displayed late (missing 4 ms)
main debug: picture might be displayed late (missing 4 ms)
main debug: picture might be displayed late (missing 0 ms)
main warning: picture is too late to be displayed (missing 11 ms)
main debug: EOF reached
main debug: picture might be displayed late (missing 0 ms)
main debug: waiting decoder fifos to empty
main debug: waiting decoder fifos to empty
main debug: waiting decoder fifos to empty
main debug: waiting decoder fifos to empty
main debug: waiting decoder fifos to empty
main debug: waiting decoder fifos to empty
main debug: waiting decoder fifos to empty
main debug: waiting decoder fifos to empty
main debug: waiting decoder fifos to empty
main debug: killing decoder fourcc `h264'
main debug: removing module "avcodec"
main debug: saving a free vout
main debug: reusing provided vout
main debug: removing module "mp4"
mp4 debug: freeing all memory
main debug: Program doesn't contain anymore ES
main debug: removing module "record"
main debug: removing module "cache_read"
main debug: removing module "filesystem"
main debug: dead input
main debug: changing item without a request (current 0/1)
main debug: nothing to play
main: end of playlist, exiting
main debug: exiting
main debug: destroying useless vout
main debug: exiting
main debug: no exit handler
main debug: removing module "direct3d11"
main debug: removing all interfaces
main debug: removing module "dummy"
main debug: removing module "win32"
direct3d11 debug: Direct3D11 resources destroyed
main debug: removing module "hotkeys"
main debug: destroying
main debug: deactivating the playlist
direct3d11 debug: Direct3D11 device adapter closed
direct3d11 error: SetThumbNailClip failed: 0x800706f4
direct3d11 debug: Win32 Vout EventThread terminating
direct3d11 debug: Win32VoutCloseWindow
direct3d11 debug: WinProc WM_DESTROY
main debug: removing module "chain"
main debug: removing module "d3d11_filters"
main debug: Filter 066c12f0 removed from chain
main debug: removing module "scene"
main debug: removing module "png"
main debug: removing module "swscale"
main debug: Filter 066c5788 removed from chain
main debug: Filter 066c0e58 removed from chain
main debug: removing module "d3d11_filters"
main debug: removing module "i420_nv12"
main debug: Filter 066c5a20 removed from chain
main debug: removing module "freetype"
main debug: removing module "yuvp"
main debug: removing module "swscale"
main debug: removing module "mmdevice"
main debug: saving media library to file C:\Users\PC\AppData\Roaming\vlc\ml.xspf.tmp25904
main error: could not create playlist file C:\Users\PC\AppData\Roaming\vlc\ml.xspf.tmp25904: Permission denied
main debug: deleting item `Media Library'
main debug: deleting item `WhatsApp Video 2026-06-28 at 8.10.16 PM.mp4'
main debug: deleting item `Playlist'
main debug: removing module "memory"
-- logger module stopped --
